<?xml version="1.0" encoding="UTF-8"?>
<!-- Generated by org.testng.reporters.JUnitReportReporter -->
<testsuite skipped="0" hostname="LAPTOP-A7368I91" name="TestSuite.StatusCode" tests="4" failures="0" timestamp="2021-06-19T15:50:10 IST" time="6.759" errors="0">
  <testcase name="schedulePage" time="1.460" classname="TestSuite.StatusCode"/>
  <system-out/>
  <testcase name="AfterloginPage" time="2.275" classname="TestSuite.StatusCode"/>
  <system-out/>
  <testcase name="loginPage" time="1.322" classname="TestSuite.StatusCode"/>
  <system-out/>
  <testcase name="coursePage" time="1.702" classname="TestSuite.StatusCode"/>
  <system-out/>
</testsuite> <!-- TestSuite.StatusCode -->
