<?xml version="1.0" encoding="UTF-8"?>
<!-- Generated by org.testng.reporters.JUnitReportReporter -->
<testsuite skipped="0" hostname="LAPTOP-A7368I91" name="TestSuite.Status" tests="1" failures="0" timestamp="2021-06-15T15:01:16 IST" time="1.283" errors="0">
  <testcase name="loginPage" time="1.283" classname="TestSuite.Status"/>
  <system-out/>
</testsuite> <!-- TestSuite.Status -->
